{"D:\\Projetos\\ProjetoEntrevista\\api\\src\\controllers\\task.controller.ts": {"path":"D:\\Projetos\\ProjetoEntrevista\\api\\src\\controllers\\task.controller.ts","statementMap":{"0":{"start":{"line":3,"column":0},"end":{"line":3,"column":70}},"1":{"start":{"line":4,"column":0},"end":{"line":4,"column":43}},"2":{"start":{"line":5,"column":0},"end":{"line":5,"column":50}},"3":{"start":{"line":12,"column":4},"end":{"line":12,"column":41}},"4":{"start":{"line":16,"column":4},"end":{"line":24,"column":5}},"5":{"start":{"line":17,"column":20},"end":{"line":17,"column":52}},"6":{"start":{"line":18,"column":6},"end":{"line":20,"column":7}},"7":{"start":{"line":19,"column":8},"end":{"line":19,"column":67}},"8":{"start":{"line":21,"column":6},"end":{"line":21,"column":41}},"9":{"start":{"line":23,"column":6},"end":{"line":23,"column":71}},"10":{"start":{"line":28,"column":19},"end":{"line":28,"column":42}},"11":{"start":{"line":29,"column":4},"end":{"line":37,"column":5}},"12":{"start":{"line":30,"column":19},"end":{"line":30,"column":70}},"13":{"start":{"line":31,"column":6},"end":{"line":33,"column":7}},"14":{"start":{"line":32,"column":8},"end":{"line":32,"column":67}},"15":{"start":{"line":34,"column":6},"end":{"line":34,"column":40}},"16":{"start":{"line":36,"column":6},"end":{"line":36,"column":70}},"17":{"start":{"line":41,"column":20},"end":{"line":41,"column":60}},"18":{"start":{"line":42,"column":19},"end":{"line":42,"column":42}},"19":{"start":{"line":44,"column":4},"end":{"line":52,"column":5}},"20":{"start":{"line":45,"column":28},"end":{"line":46,"column":null}},"21":{"start":{"line":46,"column":8},"end":{"line":46,"column":46}},"22":{"start":{"line":48,"column":6},"end":{"line":51,"column":9}},"23":{"start":{"line":54,"column":4},"end":{"line":63,"column":5}},"24":{"start":{"line":55,"column":19},"end":{"line":55,"column":54}},"25":{"start":{"line":56,"column":22},"end":{"line":56,"column":58}},"26":{"start":{"line":57,"column":6},"end":{"line":57,"column":43}},"27":{"start":{"line":59,"column":6},"end":{"line":62,"column":9}},"28":{"start":{"line":67,"column":19},"end":{"line":67,"column":42}},"29":{"start":{"line":68,"column":22},"end":{"line":68,"column":62}},"30":{"start":{"line":69,"column":19},"end":{"line":69,"column":44}},"31":{"start":{"line":71,"column":4},"end":{"line":76,"column":5}},"32":{"start":{"line":72,"column":6},"end":{"line":75,"column":9}},"33":{"start":{"line":74,"column":32},"end":{"line":74,"column":66}},"34":{"start":{"line":78,"column":4},"end":{"line":92,"column":5}},"35":{"start":{"line":79,"column":19},"end":{"line":79,"column":70}},"36":{"start":{"line":80,"column":6},"end":{"line":82,"column":7}},"37":{"start":{"line":81,"column":8},"end":{"line":81,"column":67}},"38":{"start":{"line":84,"column":6},"end":{"line":84,"column":49}},"39":{"start":{"line":85,"column":26},"end":{"line":85,"column":62}},"40":{"start":{"line":86,"column":6},"end":{"line":86,"column":47}},"41":{"start":{"line":88,"column":6},"end":{"line":91,"column":9}},"42":{"start":{"line":96,"column":19},"end":{"line":96,"column":42}},"43":{"start":{"line":97,"column":4},"end":{"line":106,"column":5}},"44":{"start":{"line":98,"column":19},"end":{"line":98,"column":70}},"45":{"start":{"line":99,"column":6},"end":{"line":101,"column":7}},"46":{"start":{"line":100,"column":8},"end":{"line":100,"column":67}},"47":{"start":{"line":102,"column":6},"end":{"line":102,"column":47}},"48":{"start":{"line":103,"column":6},"end":{"line":103,"column":76}},"49":{"start":{"line":105,"column":6},"end":{"line":105,"column":70}},"50":{"start":{"line":8,"column":0},"end":{"line":8,"column":13}}},"fnMap":{"0":{"name":"(anonymous_7)","decl":{"start":{"line":11,"column":2},"end":{"line":11,"column":14}},"loc":{"start":{"line":11,"column":46},"end":{"line":13,"column":3}}},"1":{"name":"(anonymous_8)","decl":{"start":{"line":15,"column":8},"end":{"line":15,"column":19}},"loc":{"start":{"line":15,"column":33},"end":{"line":25,"column":null}}},"2":{"name":"(anonymous_10)","decl":{"start":{"line":27,"column":8},"end":{"line":27,"column":19}},"loc":{"start":{"line":27,"column":47},"end":{"line":38,"column":null}}},"3":{"name":"(anonymous_12)","decl":{"start":{"line":40,"column":8},"end":{"line":40,"column":18}},"loc":{"start":{"line":40,"column":46},"end":{"line":64,"column":null}}},"4":{"name":"(anonymous_14)","decl":{"start":{"line":45,"column":43},"end":{"line":45,"column":48}},"loc":{"start":{"line":46,"column":8},"end":{"line":46,"column":46}}},"5":{"name":"(anonymous_15)","decl":{"start":{"line":66,"column":8},"end":{"line":66,"column":18}},"loc":{"start":{"line":66,"column":46},"end":{"line":93,"column":null}}},"6":{"name":"(anonymous_17)","decl":{"start":{"line":74,"column":27},"end":{"line":74,"column":28}},"loc":{"start":{"line":74,"column":32},"end":{"line":74,"column":66}}},"7":{"name":"(anonymous_18)","decl":{"start":{"line":95,"column":8},"end":{"line":95,"column":18}},"loc":{"start":{"line":95,"column":46},"end":{"line":107,"column":null}}}},"branchMap":{"0":{"loc":{"start":{"line":18,"column":6},"end":{"line":20,"column":7}},"type":"if","locations":[{"start":{"line":18,"column":6},"end":{"line":20,"column":7}}]},"1":{"loc":{"start":{"line":31,"column":6},"end":{"line":33,"column":7}},"type":"if","locations":[{"start":{"line":31,"column":6},"end":{"line":33,"column":7}}]},"2":{"loc":{"start":{"line":44,"column":4},"end":{"line":52,"column":5}},"type":"if","locations":[{"start":{"line":44,"column":4},"end":{"line":52,"column":5}}]},"3":{"loc":{"start":{"line":46,"column":22},"end":{"line":46,"column":45}},"type":"binary-expr","locations":[{"start":{"line":46,"column":22},"end":{"line":46,"column":39}},{"start":{"line":46,"column":43},"end":{"line":46,"column":45}}]},"4":{"loc":{"start":{"line":71,"column":4},"end":{"line":76,"column":5}},"type":"if","locations":[{"start":{"line":71,"column":4},"end":{"line":76,"column":5}}]},"5":{"loc":{"start":{"line":74,"column":46},"end":{"line":74,"column":65}},"type":"binary-expr","locations":[{"start":{"line":74,"column":46},"end":{"line":74,"column":59}},{"start":{"line":74,"column":63},"end":{"line":74,"column":65}}]},"6":{"loc":{"start":{"line":80,"column":6},"end":{"line":82,"column":7}},"type":"if","locations":[{"start":{"line":80,"column":6},"end":{"line":82,"column":7}}]},"7":{"loc":{"start":{"line":99,"column":6},"end":{"line":101,"column":7}},"type":"if","locations":[{"start":{"line":99,"column":6},"end":{"line":101,"column":7}}]}},"s":{"0":1,"1":1,"2":1,"3":16,"4":3,"5":3,"6":2,"7":1,"8":1,"9":1,"10":3,"11":3,"12":3,"13":2,"14":1,"15":1,"16":1,"17":3,"18":3,"19":3,"20":2,"21":2,"22":2,"23":1,"24":1,"25":1,"26":1,"27":0,"28":3,"29":3,"30":3,"31":3,"32":3,"33":3,"34":0,"35":0,"36":0,"37":0,"38":0,"39":0,"40":0,"41":0,"42":4,"43":4,"44":4,"45":4,"46":1,"47":3,"48":1,"49":2,"50":1},"f":{"0":16,"1":3,"2":3,"3":3,"4":2,"5":3,"6":3,"7":4},"b":{"0":[1],"1":[1],"2":[2],"3":[2,0],"4":[3],"5":[3,0],"6":[0],"7":[1]}}
,"D:\\Projetos\\ProjetoEntrevista\\api\\src\\models\\DTO\\task.dto.ts": {"path":"D:\\Projetos\\ProjetoEntrevista\\api\\src\\models\\DTO\\task.dto.ts","statementMap":{"0":{"start":{"line":1,"column":0},"end":{"line":1,"column":47}},"1":{"start":{"line":2,"column":0},"end":{"line":2,"column":85}},"2":{"start":{"line":8,"column":2},"end":{"line":8,"column":21}},"3":{"start":{"line":14,"column":2},"end":{"line":14,"column":42}},"4":{"start":{"line":4,"column":0},"end":{"line":4,"column":13}},"5":{"start":{"line":8,"column":2},"end":{"line":8,"column":null}},"6":{"start":{"line":11,"column":2},"end":{"line":11,"column":null}},"7":{"start":{"line":14,"column":2},"end":{"line":14,"column":null}},"8":{"start":{"line":17,"column":0},"end":{"line":17,"column":13}},"9":{"start":{"line":22,"column":2},"end":{"line":22,"column":null}},"10":{"start":{"line":25,"column":2},"end":{"line":25,"column":null}},"11":{"start":{"line":29,"column":2},"end":{"line":29,"column":null}}},"fnMap":{"0":{"name":"(anonymous_2)","decl":{"start":{"line":4,"column":0},"end":{"line":4,"column":13}},"loc":{"start":{"line":4,"column":0},"end":{"line":15,"column":1}}}},"branchMap":{},"s":{"0":1,"1":1,"2":3,"3":3,"4":1,"5":1,"6":1,"7":1,"8":1,"9":1,"10":1,"11":1},"f":{"0":3},"b":{}}
,"D:\\Projetos\\ProjetoEntrevista\\api\\src\\tests\\mock.typeorm.ts": {"path":"D:\\Projetos\\ProjetoEntrevista\\api\\src\\tests\\mock.typeorm.ts","statementMap":{"0":{"start":{"line":1,"column":13},"end":{"line":8,"column":4}},"1":{"start":{"line":1,"column":44},"end":{"line":8,"column":2}}},"fnMap":{"0":{"name":"(anonymous_0)","decl":{"start":{"line":1,"column":37},"end":{"line":1,"column":40}},"loc":{"start":{"line":1,"column":44},"end":{"line":8,"column":2}}}},"branchMap":{},"s":{"0":1,"1":16},"f":{"0":16},"b":{}}
,"D:\\Projetos\\ProjetoEntrevista\\api\\src\\utils\\types.ts": {"path":"D:\\Projetos\\ProjetoEntrevista\\api\\src\\utils\\types.ts","statementMap":{"0":{"start":{"line":1,"column":0},"end":{"line":1,"column":null}},"1":{"start":{"line":2,"column":2},"end":{"line":2,"column":null}},"2":{"start":{"line":3,"column":2},"end":{"line":3,"column":null}},"3":{"start":{"line":4,"column":2},"end":{"line":4,"column":null}}},"fnMap":{"0":{"name":"(anonymous_0)","decl":{"start":{"line":1,"column":0},"end":{"line":1,"column":12}},"loc":{"start":{"line":1,"column":22},"end":{"line":5,"column":1}}}},"branchMap":{"0":{"loc":{"start":{"line":1,"column":12},"end":{"line":1,"column":null}},"type":"binary-expr","locations":[{"start":{"line":1,"column":12},"end":{"line":1,"column":22}},{"start":{"line":1,"column":22},"end":{"line":1,"column":null}}]}},"s":{"0":1,"1":1,"2":1,"3":1},"f":{"0":1},"b":{"0":[1,1]}}
}
