TN:
SF:src\controllers\task.controller.ts
FN:11,(anonymous_7)
FN:15,(anonymous_8)
FN:27,(anonymous_10)
FN:40,(anonymous_12)
FN:45,(anonymous_14)
FN:66,(anonymous_15)
FN:74,(anonymous_17)
FN:95,(anonymous_18)
FNF:8
FNH:8
FNDA:16,(anonymous_7)
FNDA:3,(anonymous_8)
FNDA:3,(anonymous_10)
FNDA:3,(anonymous_12)
FNDA:2,(anonymous_14)
FNDA:3,(anonymous_15)
FNDA:3,(anonymous_17)
FNDA:4,(anonymous_18)
DA:3,1
DA:4,1
DA:5,1
DA:8,1
DA:12,16
DA:16,3
DA:17,3
DA:18,2
DA:19,1
DA:21,1
DA:23,1
DA:28,3
DA:29,3
DA:30,3
DA:31,2
DA:32,1
DA:34,1
DA:36,1
DA:41,3
DA:42,3
DA:44,3
DA:45,2
DA:46,2
DA:48,2
DA:54,1
DA:55,1
DA:56,1
DA:57,1
DA:59,0
DA:67,3
DA:68,3
DA:69,3
DA:71,3
DA:72,3
DA:74,3
DA:78,0
DA:79,0
DA:80,0
DA:81,0
DA:84,0
DA:85,0
DA:86,0
DA:88,0
DA:96,4
DA:97,4
DA:98,4
DA:99,4
DA:100,1
DA:102,3
DA:103,1
DA:105,2
LF:51
LH:42
BRDA:18,0,0,1
BRDA:31,1,0,1
BRDA:44,2,0,2
BRDA:46,3,0,2
BRDA:46,3,1,0
BRDA:71,4,0,3
BRDA:74,5,0,3
BRDA:74,5,1,0
BRDA:80,6,0,0
BRDA:99,7,0,1
BRF:10
BRH:7
end_of_record
TN:
SF:src\models\DTO\task.dto.ts
FN:4,(anonymous_2)
FNF:1
FNH:1
FNDA:3,(anonymous_2)
DA:1,1
DA:2,1
DA:4,1
DA:8,3
DA:11,1
DA:14,3
DA:17,1
DA:22,1
DA:25,1
DA:29,1
LF:10
LH:10
BRF:0
BRH:0
end_of_record
TN:
SF:src\tests\mock.typeorm.ts
FN:1,(anonymous_0)
FNF:1
FNH:1
FNDA:16,(anonymous_0)
DA:1,16
LF:1
LH:1
BRF:0
BRH:0
end_of_record
TN:
SF:src\utils\types.ts
FN:1,(anonymous_0)
FNF:1
FNH:1
FNDA:1,(anonymous_0)
DA:1,1
DA:2,1
DA:3,1
DA:4,1
LF:4
LH:4
BRDA:1,0,0,1
BRDA:1,0,1,1
BRF:2
BRH:2
end_of_record
